<?xml version="1.0" encoding="UTF-8"?>
<!-- Generated by org.testng.reporters.JUnitReportReporter -->
<testsuite hostname="Singh" failures="0" tests="1" name="api.tests.TestCases2" time="0.097" errors="0" timestamp="2023-07-11T04:44:03 IST" skipped="0">
  <testcase classname="api.tests.TestCases2" name="testGetUser" time="0.097"/>
  <system-out/>
</testsuite> <!-- api.tests.TestCases2 -->
