<?xml version="1.0" encoding="UTF-8"?>
<!-- Generated by org.testng.reporters.JUnitReportReporter -->
<testsuite hostname="Singh" failures="0" tests="1" name="api.tests.TestCases" time="2.653" errors="0" timestamp="2023-07-11T03:07:39 IST" skipped="0">
  <testcase classname="api.tests.TestCases" name="testGetUser" time="2.653"/>
  <system-out/>
</testsuite> <!-- api.tests.TestCases -->
